<?xml version="1.0" encoding="UTF-8"?>
<testsuites name="TS_Applicant" time="168.688" tests="3" failures="0" errors="0">
   <testsuite name="TS_Applicant" tests="3" failures="0" errors="0" time="168.688" skipped="0" timestamp="2023-10-21 08:04:29" hostname="winyeay - DESKTOP-ES8BCCF.mshome.net" id="Test Suites/TS_Applicant">
      <properties>
         <property name="deviceName" value=""/>
         <property name="devicePlatform" value=""/>
         <property name="logFolder" value="C:\\Users\\winyeay\\Katalon Studio\\vascomm_automation_test\\Reports\\20231021_080411\\TS_Applicant\\20231021_080411"/>
         <property name="logFiles" value="C:\\Users\\winyeay\\Katalon Studio\\vascomm_automation_test\\Reports\\20231021_080411\\TS_Applicant\\20231021_080411\\execution0.log"/>
         <property name="attachments" value="C:\\Users\\winyeay\\Katalon Studio\\vascomm_automation_test\\Reports\\20231021_080411\\TS_Applicant\\20231021_080411\\1697850331051.png, C:\\Users\\winyeay\\Katalon Studio\\vascomm_automation_test\\Reports\\20231021_080411\\TS_Applicant\\20231021_080411\\1697850379438.png, C:\\Users\\winyeay\\Katalon Studio\\vascomm_automation_test\\Reports\\20231021_080411\\TS_Applicant\\20231021_080411\\1697850431086.png"/>
         <property name="hostName" value="winyeay - DESKTOP-ES8BCCF.mshome.net"/>
         <property name="os" value="Windows 10 64bit"/>
         <property name="katalonVersion" value="8.6.8.208"/>
         <property name="browser" value="Chrome 118.0.0.0"/>
         <property name="hostAddress" value="192.168.128.1"/>
         <property name="sessionId" value="0da72247b592f3c08bc56320d702e4b4"/>
         <property name="seleniumVersion" value="3.141.59"/>
         <property name="proxyInformation" value="ProxyInformation { proxyOption=NO_PROXY, proxyServerType=HTTP, username=, password=********, proxyServerAddress=, proxyServerPort=0, executionList=&quot;&quot;, isApplyToDesiredCapabilities=true }"/>
         <property name="platform" value="Windows 10"/>
      </properties>
      <testcase name="Test Cases/Applicant/TC_Applicant" time="65.057" classname="Test Cases/Applicant/TC_Applicant" status="PASSED">
         <system-out><![CDATA[2023-10-21 08:04:30 - [TEST_CASE][PASSED] - Test Cases/Applicant/TC_Applicant: Test Cases/Applicant/TC_Applicant

2023-10-21 08:04:33 - [TEST_STEP][PASSED] - openBrowser(""): Browser is opened with url: ''

2023-10-21 08:04:35 - [MESSAGE][INFO] - Starting 'Chrome' driver

2023-10-21 08:04:35 - [MESSAGE][INFO] - Action delay is set to 0 milliseconds

2023-10-21 08:04:48 - [MESSAGE][PASSED] - Browser is opened with url: ''

2023-10-21 08:04:48 - [TEST_STEP][PASSED] - callTestCase(findTestCase("Login/Login"), [:], STOP_ON_FAILURE): Call Test Case 'Test Cases/Login/Login' successfully

2023-10-21 08:04:49 - [TEST_CASE][PASSED] - Test Cases/Login/Login: Test Cases/Login/Login

2023-10-21 08:04:51 - [TEST_STEP][PASSED] - openBrowser(""): Browser is opened with url: ''

2023-10-21 08:04:51 - [MESSAGE][WARNING] - A browser is already opened. Closing browser and opening a new one

2023-10-21 08:04:53 - [MESSAGE][INFO] - Starting 'Chrome' driver

2023-10-21 08:04:53 - [MESSAGE][INFO] - Action delay is set to 0 milliseconds

2023-10-21 08:04:57 - [MESSAGE][PASSED] - Browser is opened with url: ''

2023-10-21 08:04:57 - [TEST_STEP][PASSED] - navigateToUrl("https://career.vasdev.co.id/login"): Navigate to 'https://career.vasdev.co.id/login' successfully

2023-10-21 08:05:08 - [MESSAGE][PASSED] - Navigate to 'https://career.vasdev.co.id/login' successfully

2023-10-21 08:05:08 - [TEST_STEP][PASSED] - setText(findTestObject("Object Repository/Login/Page_EZ Recruit/input_EZ Recruit_email"), "qa.testvascomm@gmail.com"): Text 'qa.testvascomm@gmail.com' is set on object 'Object Repository/Login/Page_EZ Recruit/input_EZ Recruit_email'

2023-10-21 08:05:10 - [MESSAGE][PASSED] - Text 'qa.testvascomm@gmail.com' is set on object 'Object Repository/Login/Page_EZ Recruit/input_EZ Recruit_email'

2023-10-21 08:05:10 - [TEST_STEP][PASSED] - rightClick(findTestObject("Object Repository/Login/Page_EZ Recruit/input_EZ Recruit_email")): Object: 'Object Repository/Login/Page_EZ Recruit/input_EZ Recruit_email' is right clicked on

2023-10-21 08:05:12 - [MESSAGE][PASSED] - Object: 'Object Repository/Login/Page_EZ Recruit/input_EZ Recruit_email' is right clicked on

2023-10-21 08:05:12 - [TEST_STEP][PASSED] - click(findTestObject("Object Repository/Login/Page_EZ Recruit/h3_EZ Recruit")): Object: 'Object Repository/Login/Page_EZ Recruit/h3_EZ Recruit' is clicked on

2023-10-21 08:05:13 - [MESSAGE][PASSED] - Object: 'Object Repository/Login/Page_EZ Recruit/h3_EZ Recruit' is clicked on

2023-10-21 08:05:13 - [TEST_STEP][PASSED] - setEncryptedText(findTestObject("Object Repository/Login/Page_EZ Recruit/input_EZ Recruit_password"), "6XHz08Y29ykdB4CZ3GpyWg=="): Text ****** has been set on object 'Object Repository/Login/Page_EZ Recruit/input_EZ Recruit_password'

2023-10-21 08:05:14 - [MESSAGE][PASSED] - Text ****** has been set on object 'Object Repository/Login/Page_EZ Recruit/input_EZ Recruit_password'

2023-10-21 08:05:14 - [TEST_STEP][PASSED] - click(findTestObject("Object Repository/Login/Page_EZ Recruit/button_Login")): Object: 'Object Repository/Login/Page_EZ Recruit/button_Login' is clicked on

2023-10-21 08:05:21 - [MESSAGE][PASSED] - Object: 'Object Repository/Login/Page_EZ Recruit/button_Login' is clicked on

2023-10-21 08:05:21 - [MESSAGE][PASSED] - Call Test Case 'Test Cases/Login/Login' successfully

2023-10-21 08:05:21 - [TEST_STEP][PASSED] - click(findTestObject("Object Repository/Applicant/Page_Admin Page/span_Applicants")): Object: 'Object Repository/Applicant/Page_Admin Page/span_Applicants' is clicked on

2023-10-21 08:05:25 - [MESSAGE][PASSED] - Object: 'Object Repository/Applicant/Page_Admin Page/span_Applicants' is clicked on

2023-10-21 08:05:25 - [TEST_STEP][PASSED] - setText(findTestObject("Object Repository/Applicant/Page_Admin Page/input_Filter_search"), applicantName): Text 'kiki' is set on object 'Object Repository/Applicant/Page_Admin Page/input_Filter_search'

2023-10-21 08:05:27 - [MESSAGE][PASSED] - Text 'kiki' is set on object 'Object Repository/Applicant/Page_Admin Page/input_Filter_search'

2023-10-21 08:05:27 - [TEST_STEP][PASSED] - click(findTestObject("Object Repository/Applicant/Page_Admin Page/button_Search")): Object: 'Object Repository/Applicant/Page_Admin Page/button_Search' is clicked on

2023-10-21 08:05:29 - [MESSAGE][PASSED] - Object: 'Object Repository/Applicant/Page_Admin Page/button_Search' is clicked on

2023-10-21 08:05:29 - [TEST_STEP][PASSED] - if (applicantName == "kiki"): Taking screenshot successfully

2023-10-21 08:05:29 - [TEST_STEP][PASSED] - verifyElementVisible(findTestObject("Applicant/Verify/Page_Admin Page/td_Kiki")): Object 'Object Repository/Applicant/Verify/Page_Admin Page/td_Kiki' is visible

2023-10-21 08:05:30 - [MESSAGE][PASSED] - Object 'Object Repository/Applicant/Verify/Page_Admin Page/td_Kiki' is visible

2023-10-21 08:05:30 - [TEST_STEP][PASSED] - markPassed("Pass"): Pass

2023-10-21 08:05:30 - [MESSAGE][PASSED] - Pass

2023-10-21 08:05:30 - [TEST_STEP][PASSED] - takeFullPageScreenshot(): Taking screenshot successfully

2023-10-21 08:05:32 - [MESSAGE][INFO] - 0 hidden object(s)

2023-10-21 08:05:33 - [MESSAGE][PASSED] - Taking screenshot successfully
[[ATTACHMENT|C:\\Users\\winyeay\\Katalon Studio\\vascomm_automation_test\\Reports\\20231021_080411\\TS_Applicant\\20231021_080411\\1697850331051.png]]

2023-10-21 08:05:33 - [TEST_STEP][PASSED] - closeBrowser(): Browser is closed

2023-10-21 08:05:35 - [MESSAGE][PASSED] - Browser is closed]]></system-out>
         <system-err><![CDATA[]]></system-err>
      </testcase>
      <testcase name="Test Cases/Applicant/TC_Applicant" time="47.982" classname="Test Cases/Applicant/TC_Applicant" status="PASSED">
         <system-out><![CDATA[2023-10-21 08:05:36 - [TEST_CASE][PASSED] - Test Cases/Applicant/TC_Applicant: Test Cases/Applicant/TC_Applicant

2023-10-21 08:05:36 - [TEST_STEP][PASSED] - openBrowser(""): Browser is opened with url: ''

2023-10-21 08:05:36 - [MESSAGE][INFO] - Starting 'Chrome' driver

2023-10-21 08:05:36 - [MESSAGE][INFO] - Action delay is set to 0 milliseconds

2023-10-21 08:05:42 - [MESSAGE][PASSED] - Browser is opened with url: ''

2023-10-21 08:05:42 - [TEST_STEP][PASSED] - callTestCase(findTestCase("Login/Login"), [:], STOP_ON_FAILURE): Call Test Case 'Test Cases/Login/Login' successfully

2023-10-21 08:05:42 - [TEST_CASE][PASSED] - Test Cases/Login/Login: Test Cases/Login/Login

2023-10-21 08:05:42 - [TEST_STEP][PASSED] - openBrowser(""): Browser is opened with url: ''

2023-10-21 08:05:42 - [MESSAGE][WARNING] - A browser is already opened. Closing browser and opening a new one

2023-10-21 08:05:44 - [MESSAGE][INFO] - Starting 'Chrome' driver

2023-10-21 08:05:44 - [MESSAGE][INFO] - Action delay is set to 0 milliseconds

2023-10-21 08:05:48 - [MESSAGE][PASSED] - Browser is opened with url: ''

2023-10-21 08:05:48 - [TEST_STEP][PASSED] - navigateToUrl("https://career.vasdev.co.id/login"): Navigate to 'https://career.vasdev.co.id/login' successfully

2023-10-21 08:05:52 - [MESSAGE][PASSED] - Navigate to 'https://career.vasdev.co.id/login' successfully

2023-10-21 08:05:52 - [TEST_STEP][PASSED] - setText(findTestObject("Object Repository/Login/Page_EZ Recruit/input_EZ Recruit_email"), "qa.testvascomm@gmail.com"): Text 'qa.testvascomm@gmail.com' is set on object 'Object Repository/Login/Page_EZ Recruit/input_EZ Recruit_email'

2023-10-21 08:05:58 - [MESSAGE][PASSED] - Text 'qa.testvascomm@gmail.com' is set on object 'Object Repository/Login/Page_EZ Recruit/input_EZ Recruit_email'

2023-10-21 08:05:58 - [TEST_STEP][PASSED] - rightClick(findTestObject("Object Repository/Login/Page_EZ Recruit/input_EZ Recruit_email")): Object: 'Object Repository/Login/Page_EZ Recruit/input_EZ Recruit_email' is right clicked on

2023-10-21 08:06:00 - [MESSAGE][PASSED] - Object: 'Object Repository/Login/Page_EZ Recruit/input_EZ Recruit_email' is right clicked on

2023-10-21 08:06:00 - [TEST_STEP][PASSED] - click(findTestObject("Object Repository/Login/Page_EZ Recruit/h3_EZ Recruit")): Object: 'Object Repository/Login/Page_EZ Recruit/h3_EZ Recruit' is clicked on

2023-10-21 08:06:01 - [MESSAGE][PASSED] - Object: 'Object Repository/Login/Page_EZ Recruit/h3_EZ Recruit' is clicked on

2023-10-21 08:06:01 - [TEST_STEP][PASSED] - setEncryptedText(findTestObject("Object Repository/Login/Page_EZ Recruit/input_EZ Recruit_password"), "6XHz08Y29ykdB4CZ3GpyWg=="): Text ****** has been set on object 'Object Repository/Login/Page_EZ Recruit/input_EZ Recruit_password'

2023-10-21 08:06:03 - [MESSAGE][PASSED] - Text ****** has been set on object 'Object Repository/Login/Page_EZ Recruit/input_EZ Recruit_password'

2023-10-21 08:06:03 - [TEST_STEP][PASSED] - click(findTestObject("Object Repository/Login/Page_EZ Recruit/button_Login")): Object: 'Object Repository/Login/Page_EZ Recruit/button_Login' is clicked on

2023-10-21 08:06:09 - [MESSAGE][PASSED] - Object: 'Object Repository/Login/Page_EZ Recruit/button_Login' is clicked on

2023-10-21 08:06:09 - [MESSAGE][PASSED] - Call Test Case 'Test Cases/Login/Login' successfully

2023-10-21 08:06:09 - [TEST_STEP][PASSED] - click(findTestObject("Object Repository/Applicant/Page_Admin Page/span_Applicants")): Object: 'Object Repository/Applicant/Page_Admin Page/span_Applicants' is clicked on

2023-10-21 08:06:14 - [MESSAGE][PASSED] - Object: 'Object Repository/Applicant/Page_Admin Page/span_Applicants' is clicked on

2023-10-21 08:06:14 - [TEST_STEP][PASSED] - setText(findTestObject("Object Repository/Applicant/Page_Admin Page/input_Filter_search"), applicantName): Text 'raka' is set on object 'Object Repository/Applicant/Page_Admin Page/input_Filter_search'

2023-10-21 08:06:16 - [MESSAGE][PASSED] - Text 'raka' is set on object 'Object Repository/Applicant/Page_Admin Page/input_Filter_search'

2023-10-21 08:06:16 - [TEST_STEP][PASSED] - click(findTestObject("Object Repository/Applicant/Page_Admin Page/button_Search")): Object: 'Object Repository/Applicant/Page_Admin Page/button_Search' is clicked on

2023-10-21 08:06:17 - [MESSAGE][PASSED] - Object: 'Object Repository/Applicant/Page_Admin Page/button_Search' is clicked on

2023-10-21 08:06:17 - [TEST_STEP][PASSED] - if (applicantName == "kiki"): null

2023-10-21 08:06:17 - [TEST_STEP][PASSED] - else if (applicantName == "raka"): Taking screenshot successfully

2023-10-21 08:06:17 - [TEST_STEP][PASSED] - verifyElementVisible(findTestObject("Applicant/Verify/Page_Admin Page/td_Raka")): Object 'Object Repository/Applicant/Verify/Page_Admin Page/td_Raka' is visible

2023-10-21 08:06:19 - [MESSAGE][PASSED] - Object 'Object Repository/Applicant/Verify/Page_Admin Page/td_Raka' is visible

2023-10-21 08:06:19 - [TEST_STEP][PASSED] - markPassed("Pass"): Pass

2023-10-21 08:06:19 - [MESSAGE][PASSED] - Pass

2023-10-21 08:06:19 - [TEST_STEP][PASSED] - takeFullPageScreenshot(): Taking screenshot successfully

2023-10-21 08:06:20 - [MESSAGE][INFO] - 0 hidden object(s)

2023-10-21 08:06:22 - [MESSAGE][PASSED] - Taking screenshot successfully
[[ATTACHMENT|C:\\Users\\winyeay\\Katalon Studio\\vascomm_automation_test\\Reports\\20231021_080411\\TS_Applicant\\20231021_080411\\1697850379438.png]]

2023-10-21 08:06:22 - [TEST_STEP][PASSED] - closeBrowser(): Browser is closed

2023-10-21 08:06:24 - [MESSAGE][PASSED] - Browser is closed]]></system-out>
         <system-err><![CDATA[]]></system-err>
      </testcase>
      <testcase name="Test Cases/Applicant/TC_Applicant" time="53.398" classname="Test Cases/Applicant/TC_Applicant" status="PASSED">
         <system-out><![CDATA[2023-10-21 08:06:24 - [TEST_CASE][PASSED] - Test Cases/Applicant/TC_Applicant: Test Cases/Applicant/TC_Applicant

2023-10-21 08:06:24 - [TEST_STEP][PASSED] - openBrowser(""): Browser is opened with url: ''

2023-10-21 08:06:24 - [MESSAGE][INFO] - Starting 'Chrome' driver

2023-10-21 08:06:24 - [MESSAGE][INFO] - Action delay is set to 0 milliseconds

2023-10-21 08:06:30 - [MESSAGE][PASSED] - Browser is opened with url: ''

2023-10-21 08:06:30 - [TEST_STEP][PASSED] - callTestCase(findTestCase("Login/Login"), [:], STOP_ON_FAILURE): Call Test Case 'Test Cases/Login/Login' successfully

2023-10-21 08:06:30 - [TEST_CASE][PASSED] - Test Cases/Login/Login: Test Cases/Login/Login

2023-10-21 08:06:30 - [TEST_STEP][PASSED] - openBrowser(""): Browser is opened with url: ''

2023-10-21 08:06:31 - [MESSAGE][WARNING] - A browser is already opened. Closing browser and opening a new one

2023-10-21 08:06:34 - [MESSAGE][INFO] - Starting 'Chrome' driver

2023-10-21 08:06:34 - [MESSAGE][INFO] - Action delay is set to 0 milliseconds

2023-10-21 08:06:38 - [MESSAGE][PASSED] - Browser is opened with url: ''

2023-10-21 08:06:38 - [TEST_STEP][PASSED] - navigateToUrl("https://career.vasdev.co.id/login"): Navigate to 'https://career.vasdev.co.id/login' successfully

2023-10-21 08:06:46 - [MESSAGE][PASSED] - Navigate to 'https://career.vasdev.co.id/login' successfully

2023-10-21 08:06:46 - [TEST_STEP][PASSED] - setText(findTestObject("Object Repository/Login/Page_EZ Recruit/input_EZ Recruit_email"), "qa.testvascomm@gmail.com"): Text 'qa.testvascomm@gmail.com' is set on object 'Object Repository/Login/Page_EZ Recruit/input_EZ Recruit_email'

2023-10-21 08:06:48 - [MESSAGE][PASSED] - Text 'qa.testvascomm@gmail.com' is set on object 'Object Repository/Login/Page_EZ Recruit/input_EZ Recruit_email'

2023-10-21 08:06:48 - [TEST_STEP][PASSED] - rightClick(findTestObject("Object Repository/Login/Page_EZ Recruit/input_EZ Recruit_email")): Object: 'Object Repository/Login/Page_EZ Recruit/input_EZ Recruit_email' is right clicked on

2023-10-21 08:06:50 - [MESSAGE][PASSED] - Object: 'Object Repository/Login/Page_EZ Recruit/input_EZ Recruit_email' is right clicked on

2023-10-21 08:06:50 - [TEST_STEP][PASSED] - click(findTestObject("Object Repository/Login/Page_EZ Recruit/h3_EZ Recruit")): Object: 'Object Repository/Login/Page_EZ Recruit/h3_EZ Recruit' is clicked on

2023-10-21 08:06:51 - [MESSAGE][PASSED] - Object: 'Object Repository/Login/Page_EZ Recruit/h3_EZ Recruit' is clicked on

2023-10-21 08:06:51 - [TEST_STEP][PASSED] - setEncryptedText(findTestObject("Object Repository/Login/Page_EZ Recruit/input_EZ Recruit_password"), "6XHz08Y29ykdB4CZ3GpyWg=="): Text ****** has been set on object 'Object Repository/Login/Page_EZ Recruit/input_EZ Recruit_password'

2023-10-21 08:06:54 - [MESSAGE][PASSED] - Text ****** has been set on object 'Object Repository/Login/Page_EZ Recruit/input_EZ Recruit_password'

2023-10-21 08:06:54 - [TEST_STEP][PASSED] - click(findTestObject("Object Repository/Login/Page_EZ Recruit/button_Login")): Object: 'Object Repository/Login/Page_EZ Recruit/button_Login' is clicked on

2023-10-21 08:07:01 - [MESSAGE][PASSED] - Object: 'Object Repository/Login/Page_EZ Recruit/button_Login' is clicked on

2023-10-21 08:07:01 - [MESSAGE][PASSED] - Call Test Case 'Test Cases/Login/Login' successfully

2023-10-21 08:07:01 - [TEST_STEP][PASSED] - click(findTestObject("Object Repository/Applicant/Page_Admin Page/span_Applicants")): Object: 'Object Repository/Applicant/Page_Admin Page/span_Applicants' is clicked on

2023-10-21 08:07:05 - [MESSAGE][PASSED] - Object: 'Object Repository/Applicant/Page_Admin Page/span_Applicants' is clicked on

2023-10-21 08:07:05 - [TEST_STEP][PASSED] - setText(findTestObject("Object Repository/Applicant/Page_Admin Page/input_Filter_search"), applicantName): Text 'suluh' is set on object 'Object Repository/Applicant/Page_Admin Page/input_Filter_search'

2023-10-21 08:07:07 - [MESSAGE][PASSED] - Text 'suluh' is set on object 'Object Repository/Applicant/Page_Admin Page/input_Filter_search'

2023-10-21 08:07:07 - [TEST_STEP][PASSED] - click(findTestObject("Object Repository/Applicant/Page_Admin Page/button_Search")): Object: 'Object Repository/Applicant/Page_Admin Page/button_Search' is clicked on

2023-10-21 08:07:09 - [MESSAGE][PASSED] - Object: 'Object Repository/Applicant/Page_Admin Page/button_Search' is clicked on

2023-10-21 08:07:09 - [TEST_STEP][PASSED] - if (applicantName == "kiki"): null

2023-10-21 08:07:09 - [TEST_STEP][PASSED] - else if (applicantName == "raka"): null

2023-10-21 08:07:09 - [TEST_STEP][PASSED] - else if (applicantName == "suluh"): Taking screenshot successfully

2023-10-21 08:07:09 - [TEST_STEP][PASSED] - verifyElementVisible(findTestObject("Applicant/Verify/Page_Admin Page/td_Suluh")): Object 'Object Repository/Applicant/Verify/Page_Admin Page/td_Suluh' is visible

2023-10-21 08:07:11 - [MESSAGE][PASSED] - Object 'Object Repository/Applicant/Verify/Page_Admin Page/td_Suluh' is visible

2023-10-21 08:07:11 - [TEST_STEP][PASSED] - markPassed("Pass"): Pass

2023-10-21 08:07:11 - [MESSAGE][PASSED] - Pass

2023-10-21 08:07:11 - [TEST_STEP][PASSED] - takeFullPageScreenshot(): Taking screenshot successfully

2023-10-21 08:07:14 - [MESSAGE][INFO] - 0 hidden object(s)

2023-10-21 08:07:15 - [MESSAGE][PASSED] - Taking screenshot successfully
[[ATTACHMENT|C:\\Users\\winyeay\\Katalon Studio\\vascomm_automation_test\\Reports\\20231021_080411\\TS_Applicant\\20231021_080411\\1697850431086.png]]

2023-10-21 08:07:15 - [TEST_STEP][PASSED] - closeBrowser(): Browser is closed

2023-10-21 08:07:17 - [MESSAGE][PASSED] - Browser is closed]]></system-out>
         <system-err><![CDATA[]]></system-err>
      </testcase>
      <system-out><![CDATA[2023-10-21 08:04:29 - [TEST_SUITE][PASSED] - TS_Applicant: Test Cases/Applicant/TC_Applicant]]></system-out>
      <system-err><![CDATA[]]></system-err>
   </testsuite>
</testsuites>
