<?xml version="1.0" encoding="UTF-8"?>
<testsuites name="TS_Applicant" time="121.736" tests="3" failures="1" errors="0">
   <testsuite name="TS_Applicant" tests="3" failures="1" errors="0" time="121.736" skipped="0" timestamp="2023-10-21 07:59:18" hostname="winyeay - DESKTOP-ES8BCCF.mshome.net" id="Test Suites/TS_Applicant">
      <properties>
         <property name="deviceName" value=""/>
         <property name="devicePlatform" value=""/>
         <property name="logFolder" value="C:\\Users\\winyeay\\Katalon Studio\\vascomm_automation_test\\Reports\\20231021_075855\\TS_Applicant\\20231021_075855"/>
         <property name="logFiles" value="C:\\Users\\winyeay\\Katalon Studio\\vascomm_automation_test\\Reports\\20231021_075855\\TS_Applicant\\20231021_075855\\execution0.log"/>
         <property name="attachments" value="C:\\Users\\winyeay\\Katalon Studio\\vascomm_automation_test\\Reports\\20231021_075855\\TS_Applicant\\20231021_075855\\1697850005149.png, C:\\Users\\winyeay\\Katalon Studio\\vascomm_automation_test\\Reports\\20231021_075855\\TS_Applicant\\20231021_075855\\1697850041459.png, C:\\Users\\winyeay\\Katalon Studio\\vascomm_automation_test\\Reports\\20231021_075855\\TS_Applicant\\20231021_075855\\1697850076175.png"/>
         <property name="hostName" value="winyeay - DESKTOP-ES8BCCF.mshome.net"/>
         <property name="os" value="Windows 10 64bit"/>
         <property name="katalonVersion" value="8.6.8.208"/>
         <property name="browser" value="Chrome 118.0.0.0"/>
         <property name="hostAddress" value="192.168.128.1"/>
         <property name="sessionId" value="900a50794529485cd6622499031ed463"/>
         <property name="seleniumVersion" value="3.141.59"/>
         <property name="proxyInformation" value="ProxyInformation { proxyOption=NO_PROXY, proxyServerType=HTTP, username=, password=********, proxyServerAddress=, proxyServerPort=0, executionList=&quot;&quot;, isApplyToDesiredCapabilities=true }"/>
         <property name="platform" value="Windows 10"/>
      </properties>
      <testcase name="Test Cases/Applicant/TC_Applicant" time="49.084" classname="Test Cases/Applicant/TC_Applicant" status="PASSED">
         <system-out><![CDATA[2023-10-21 07:59:20 - [TEST_CASE][PASSED] - Test Cases/Applicant/TC_Applicant: Test Cases/Applicant/TC_Applicant

2023-10-21 07:59:21 - [TEST_STEP][PASSED] - openBrowser(""): Browser is opened with url: ''

2023-10-21 07:59:22 - [MESSAGE][INFO] - Starting 'Chrome' driver

2023-10-21 07:59:23 - [MESSAGE][INFO] - Action delay is set to 0 milliseconds

2023-10-21 07:59:34 - [MESSAGE][PASSED] - Browser is opened with url: ''

2023-10-21 07:59:34 - [TEST_STEP][PASSED] - callTestCase(findTestCase("Login/Login"), [:], STOP_ON_FAILURE): Call Test Case 'Test Cases/Login/Login' successfully

2023-10-21 07:59:34 - [TEST_CASE][PASSED] - Test Cases/Login/Login: Test Cases/Login/Login

2023-10-21 07:59:35 - [TEST_STEP][PASSED] - openBrowser(""): Browser is opened with url: ''

2023-10-21 07:59:35 - [MESSAGE][WARNING] - A browser is already opened. Closing browser and opening a new one

2023-10-21 07:59:36 - [MESSAGE][INFO] - Starting 'Chrome' driver

2023-10-21 07:59:36 - [MESSAGE][INFO] - Action delay is set to 0 milliseconds

2023-10-21 07:59:41 - [MESSAGE][PASSED] - Browser is opened with url: ''

2023-10-21 07:59:41 - [TEST_STEP][PASSED] - navigateToUrl("https://career.vasdev.co.id/login"): Navigate to 'https://career.vasdev.co.id/login' successfully

2023-10-21 07:59:47 - [MESSAGE][PASSED] - Navigate to 'https://career.vasdev.co.id/login' successfully

2023-10-21 07:59:47 - [TEST_STEP][PASSED] - setText(findTestObject("Object Repository/Login/Page_EZ Recruit/input_EZ Recruit_email"), "qa.testvascomm@gmail.com"): Text 'qa.testvascomm@gmail.com' is set on object 'Object Repository/Login/Page_EZ Recruit/input_EZ Recruit_email'

2023-10-21 07:59:49 - [MESSAGE][PASSED] - Text 'qa.testvascomm@gmail.com' is set on object 'Object Repository/Login/Page_EZ Recruit/input_EZ Recruit_email'

2023-10-21 07:59:49 - [TEST_STEP][PASSED] - rightClick(findTestObject("Object Repository/Login/Page_EZ Recruit/input_EZ Recruit_email")): Object: 'Object Repository/Login/Page_EZ Recruit/input_EZ Recruit_email' is right clicked on

2023-10-21 07:59:51 - [MESSAGE][PASSED] - Object: 'Object Repository/Login/Page_EZ Recruit/input_EZ Recruit_email' is right clicked on

2023-10-21 07:59:51 - [TEST_STEP][PASSED] - click(findTestObject("Object Repository/Login/Page_EZ Recruit/h3_EZ Recruit")): Object: 'Object Repository/Login/Page_EZ Recruit/h3_EZ Recruit' is clicked on

2023-10-21 07:59:51 - [MESSAGE][PASSED] - Object: 'Object Repository/Login/Page_EZ Recruit/h3_EZ Recruit' is clicked on

2023-10-21 07:59:51 - [TEST_STEP][PASSED] - setEncryptedText(findTestObject("Object Repository/Login/Page_EZ Recruit/input_EZ Recruit_password"), "6XHz08Y29ykdB4CZ3GpyWg=="): Text ****** has been set on object 'Object Repository/Login/Page_EZ Recruit/input_EZ Recruit_password'

2023-10-21 07:59:52 - [MESSAGE][PASSED] - Text ****** has been set on object 'Object Repository/Login/Page_EZ Recruit/input_EZ Recruit_password'

2023-10-21 07:59:52 - [TEST_STEP][PASSED] - click(findTestObject("Object Repository/Login/Page_EZ Recruit/button_Login")): Object: 'Object Repository/Login/Page_EZ Recruit/button_Login' is clicked on

2023-10-21 07:59:57 - [MESSAGE][PASSED] - Object: 'Object Repository/Login/Page_EZ Recruit/button_Login' is clicked on

2023-10-21 07:59:57 - [MESSAGE][PASSED] - Call Test Case 'Test Cases/Login/Login' successfully

2023-10-21 07:59:57 - [TEST_STEP][PASSED] - click(findTestObject("Object Repository/Applicant/Page_Admin Page/span_Applicants")): Object: 'Object Repository/Applicant/Page_Admin Page/span_Applicants' is clicked on

2023-10-21 08:00:00 - [MESSAGE][PASSED] - Object: 'Object Repository/Applicant/Page_Admin Page/span_Applicants' is clicked on

2023-10-21 08:00:00 - [TEST_STEP][PASSED] - setText(findTestObject("Object Repository/Applicant/Page_Admin Page/input_Filter_search"), applicantName): Text 'kiki' is set on object 'Object Repository/Applicant/Page_Admin Page/input_Filter_search'

2023-10-21 08:00:02 - [MESSAGE][PASSED] - Text 'kiki' is set on object 'Object Repository/Applicant/Page_Admin Page/input_Filter_search'

2023-10-21 08:00:02 - [TEST_STEP][PASSED] - click(findTestObject("Object Repository/Applicant/Page_Admin Page/button_Search")): Object: 'Object Repository/Applicant/Page_Admin Page/button_Search' is clicked on

2023-10-21 08:00:02 - [MESSAGE][PASSED] - Object: 'Object Repository/Applicant/Page_Admin Page/button_Search' is clicked on

2023-10-21 08:00:02 - [TEST_STEP][PASSED] - if (applicantName == "kiki"): Taking screenshot successfully

2023-10-21 08:00:02 - [TEST_STEP][PASSED] - verifyElementVisible(findTestObject("Applicant/Verify/Page_Admin Page/td_Kiki")): Object 'Object Repository/Applicant/Verify/Page_Admin Page/td_Kiki' is visible

2023-10-21 08:00:04 - [MESSAGE][PASSED] - Object 'Object Repository/Applicant/Verify/Page_Admin Page/td_Kiki' is visible

2023-10-21 08:00:04 - [TEST_STEP][PASSED] - markPassed("Pass"): Pass

2023-10-21 08:00:05 - [MESSAGE][PASSED] - Pass

2023-10-21 08:00:05 - [TEST_STEP][PASSED] - takeFullPageScreenshot(): Taking screenshot successfully

2023-10-21 08:00:07 - [MESSAGE][INFO] - 0 hidden object(s)

2023-10-21 08:00:07 - [MESSAGE][PASSED] - Taking screenshot successfully
[[ATTACHMENT|C:\\Users\\winyeay\\Katalon Studio\\vascomm_automation_test\\Reports\\20231021_075855\\TS_Applicant\\20231021_075855\\1697850005149.png]]

2023-10-21 08:00:07 - [TEST_STEP][PASSED] - closeBrowser(): Browser is closed

2023-10-21 08:00:09 - [MESSAGE][PASSED] - Browser is closed]]></system-out>
         <system-err><![CDATA[]]></system-err>
      </testcase>
      <testcase name="Test Cases/Applicant/TC_Applicant" time="35.107" classname="Test Cases/Applicant/TC_Applicant" status="PASSED">
         <system-out><![CDATA[2023-10-21 08:00:09 - [TEST_CASE][PASSED] - Test Cases/Applicant/TC_Applicant: Test Cases/Applicant/TC_Applicant

2023-10-21 08:00:09 - [TEST_STEP][PASSED] - openBrowser(""): Browser is opened with url: ''

2023-10-21 08:00:09 - [MESSAGE][INFO] - Starting 'Chrome' driver

2023-10-21 08:00:09 - [MESSAGE][INFO] - Action delay is set to 0 milliseconds

2023-10-21 08:00:13 - [MESSAGE][PASSED] - Browser is opened with url: ''

2023-10-21 08:00:13 - [TEST_STEP][PASSED] - callTestCase(findTestCase("Login/Login"), [:], STOP_ON_FAILURE): Call Test Case 'Test Cases/Login/Login' successfully

2023-10-21 08:00:13 - [TEST_CASE][PASSED] - Test Cases/Login/Login: Test Cases/Login/Login

2023-10-21 08:00:13 - [TEST_STEP][PASSED] - openBrowser(""): Browser is opened with url: ''

2023-10-21 08:00:13 - [MESSAGE][WARNING] - A browser is already opened. Closing browser and opening a new one

2023-10-21 08:00:15 - [MESSAGE][INFO] - Starting 'Chrome' driver

2023-10-21 08:00:15 - [MESSAGE][INFO] - Action delay is set to 0 milliseconds

2023-10-21 08:00:18 - [MESSAGE][PASSED] - Browser is opened with url: ''

2023-10-21 08:00:18 - [TEST_STEP][PASSED] - navigateToUrl("https://career.vasdev.co.id/login"): Navigate to 'https://career.vasdev.co.id/login' successfully

2023-10-21 08:00:25 - [MESSAGE][PASSED] - Navigate to 'https://career.vasdev.co.id/login' successfully

2023-10-21 08:00:25 - [TEST_STEP][PASSED] - setText(findTestObject("Object Repository/Login/Page_EZ Recruit/input_EZ Recruit_email"), "qa.testvascomm@gmail.com"): Text 'qa.testvascomm@gmail.com' is set on object 'Object Repository/Login/Page_EZ Recruit/input_EZ Recruit_email'

2023-10-21 08:00:26 - [MESSAGE][PASSED] - Text 'qa.testvascomm@gmail.com' is set on object 'Object Repository/Login/Page_EZ Recruit/input_EZ Recruit_email'

2023-10-21 08:00:26 - [TEST_STEP][PASSED] - rightClick(findTestObject("Object Repository/Login/Page_EZ Recruit/input_EZ Recruit_email")): Object: 'Object Repository/Login/Page_EZ Recruit/input_EZ Recruit_email' is right clicked on

2023-10-21 08:00:27 - [MESSAGE][PASSED] - Object: 'Object Repository/Login/Page_EZ Recruit/input_EZ Recruit_email' is right clicked on

2023-10-21 08:00:27 - [TEST_STEP][PASSED] - click(findTestObject("Object Repository/Login/Page_EZ Recruit/h3_EZ Recruit")): Object: 'Object Repository/Login/Page_EZ Recruit/h3_EZ Recruit' is clicked on

2023-10-21 08:00:28 - [MESSAGE][PASSED] - Object: 'Object Repository/Login/Page_EZ Recruit/h3_EZ Recruit' is clicked on

2023-10-21 08:00:28 - [TEST_STEP][PASSED] - setEncryptedText(findTestObject("Object Repository/Login/Page_EZ Recruit/input_EZ Recruit_password"), "6XHz08Y29ykdB4CZ3GpyWg=="): Text ****** has been set on object 'Object Repository/Login/Page_EZ Recruit/input_EZ Recruit_password'

2023-10-21 08:00:29 - [MESSAGE][PASSED] - Text ****** has been set on object 'Object Repository/Login/Page_EZ Recruit/input_EZ Recruit_password'

2023-10-21 08:00:29 - [TEST_STEP][PASSED] - click(findTestObject("Object Repository/Login/Page_EZ Recruit/button_Login")): Object: 'Object Repository/Login/Page_EZ Recruit/button_Login' is clicked on

2023-10-21 08:00:33 - [MESSAGE][PASSED] - Object: 'Object Repository/Login/Page_EZ Recruit/button_Login' is clicked on

2023-10-21 08:00:33 - [MESSAGE][PASSED] - Call Test Case 'Test Cases/Login/Login' successfully

2023-10-21 08:00:33 - [TEST_STEP][PASSED] - click(findTestObject("Object Repository/Applicant/Page_Admin Page/span_Applicants")): Object: 'Object Repository/Applicant/Page_Admin Page/span_Applicants' is clicked on

2023-10-21 08:00:37 - [MESSAGE][PASSED] - Object: 'Object Repository/Applicant/Page_Admin Page/span_Applicants' is clicked on

2023-10-21 08:00:37 - [TEST_STEP][PASSED] - setText(findTestObject("Object Repository/Applicant/Page_Admin Page/input_Filter_search"), applicantName): Text 'raka' is set on object 'Object Repository/Applicant/Page_Admin Page/input_Filter_search'

2023-10-21 08:00:39 - [MESSAGE][PASSED] - Text 'raka' is set on object 'Object Repository/Applicant/Page_Admin Page/input_Filter_search'

2023-10-21 08:00:39 - [TEST_STEP][PASSED] - click(findTestObject("Object Repository/Applicant/Page_Admin Page/button_Search")): Object: 'Object Repository/Applicant/Page_Admin Page/button_Search' is clicked on

2023-10-21 08:00:40 - [MESSAGE][PASSED] - Object: 'Object Repository/Applicant/Page_Admin Page/button_Search' is clicked on

2023-10-21 08:00:40 - [TEST_STEP][PASSED] - if (applicantName == "kiki"): null

2023-10-21 08:00:40 - [TEST_STEP][PASSED] - else if (applicantName == "raka"): Taking screenshot successfully

2023-10-21 08:00:40 - [TEST_STEP][PASSED] - verifyElementVisible(findTestObject("Applicant/Verify/Page_Admin Page/td_Raka")): Object 'Object Repository/Applicant/Verify/Page_Admin Page/td_Raka' is visible

2023-10-21 08:00:41 - [MESSAGE][PASSED] - Object 'Object Repository/Applicant/Verify/Page_Admin Page/td_Raka' is visible

2023-10-21 08:00:41 - [TEST_STEP][PASSED] - markPassed("Pass"): Pass

2023-10-21 08:00:41 - [MESSAGE][PASSED] - Pass

2023-10-21 08:00:41 - [TEST_STEP][PASSED] - takeFullPageScreenshot(): Taking screenshot successfully

2023-10-21 08:00:42 - [MESSAGE][INFO] - 0 hidden object(s)

2023-10-21 08:00:42 - [MESSAGE][PASSED] - Taking screenshot successfully
[[ATTACHMENT|C:\\Users\\winyeay\\Katalon Studio\\vascomm_automation_test\\Reports\\20231021_075855\\TS_Applicant\\20231021_075855\\1697850041459.png]]

2023-10-21 08:00:42 - [TEST_STEP][PASSED] - closeBrowser(): Browser is closed

2023-10-21 08:00:44 - [MESSAGE][PASSED] - Browser is closed]]></system-out>
         <system-err><![CDATA[]]></system-err>
      </testcase>
      <testcase name="Test Cases/Applicant/TC_Applicant" time="35.237" classname="Test Cases/Applicant/TC_Applicant" status="FAILED">
         <failure type="FAILED" message="Test Cases/Applicant/TC_Applicant FAILED.
Reason:
com.kms.katalon.core.exception.StepFailedException: Failed
	at com.kms.katalon.core.util.KeywordUtil.markFailed(KeywordUtil.java:19)
	at com.kms.katalon.core.util.KeywordUtil$markFailed$0.call(Unknown Source)
	at TC_Applicant.run(TC_Applicant:44)
	at com.kms.katalon.core.main.ScriptEngine.run(ScriptEngine.java:194)
	at com.kms.katalon.core.main.ScriptEngine.runScriptAsRawText(ScriptEngine.java:119)
	at com.kms.katalon.core.main.TestCaseExecutor.runScript(TestCaseExecutor.java:448)
	at com.kms.katalon.core.main.TestCaseExecutor.doExecute(TestCaseExecutor.java:439)
	at com.kms.katalon.core.main.TestCaseExecutor.processExecutionPhase(TestCaseExecutor.java:418)
	at com.kms.katalon.core.main.TestCaseExecutor.accessMainPhase(TestCaseExecutor.java:410)
	at com.kms.katalon.core.main.TestCaseExecutor.execute(TestCaseExecutor.java:285)
	at com.kms.katalon.core.common.CommonExecutor.accessTestCaseMainPhase(CommonExecutor.java:65)
	at com.kms.katalon.core.main.TestSuiteExecutor.accessTestSuiteMainPhase(TestSuiteExecutor.java:148)
	at com.kms.katalon.core.main.TestSuiteExecutor.execute(TestSuiteExecutor.java:106)
	at com.kms.katalon.core.main.TestCaseMain.startTestSuite(TestCaseMain.java:187)
	at com.kms.katalon.core.main.TestCaseMain$startTestSuite$0.call(Unknown Source)
	at TempTestSuite1697849935313.run(TempTestSuite1697849935313.groovy:36)
"/>
         <system-out><![CDATA[2023-10-21 08:00:44 - [TEST_CASE][FAILED] - Test Cases/Applicant/TC_Applicant: Test Cases/Applicant/TC_Applicant FAILED.
Reason:
com.kms.katalon.core.exception.StepFailedException: Failed
	at com.kms.katalon.core.util.KeywordUtil.markFailed(KeywordUtil.java:19)
	at com.kms.katalon.core.util.KeywordUtil$markFailed$0.call(Unknown Source)
	at TC_Applicant.run(TC_Applicant:44)
	at com.kms.katalon.core.main.ScriptEngine.run(ScriptEngine.java:194)
	at com.kms.katalon.core.main.ScriptEngine.runScriptAsRawText(ScriptEngine.java:119)
	at com.kms.katalon.core.main.TestCaseExecutor.runScript(TestCaseExecutor.java:448)
	at com.kms.katalon.core.main.TestCaseExecutor.doExecute(TestCaseExecutor.java:439)
	at com.kms.katalon.core.main.TestCaseExecutor.processExecutionPhase(TestCaseExecutor.java:418)
	at com.kms.katalon.core.main.TestCaseExecutor.accessMainPhase(TestCaseExecutor.java:410)
	at com.kms.katalon.core.main.TestCaseExecutor.execute(TestCaseExecutor.java:285)
	at com.kms.katalon.core.common.CommonExecutor.accessTestCaseMainPhase(CommonExecutor.java:65)
	at com.kms.katalon.core.main.TestSuiteExecutor.accessTestSuiteMainPhase(TestSuiteExecutor.java:148)
	at com.kms.katalon.core.main.TestSuiteExecutor.execute(TestSuiteExecutor.java:106)
	at com.kms.katalon.core.main.TestCaseMain.startTestSuite(TestCaseMain.java:187)
	at com.kms.katalon.core.main.TestCaseMain$startTestSuite$0.call(Unknown Source)
	at TempTestSuite1697849935313.run(TempTestSuite1697849935313.groovy:36)


2023-10-21 08:00:44 - [TEST_STEP][PASSED] - openBrowser(""): Browser is opened with url: ''

2023-10-21 08:00:44 - [MESSAGE][INFO] - Starting 'Chrome' driver

2023-10-21 08:00:44 - [MESSAGE][INFO] - Action delay is set to 0 milliseconds

2023-10-21 08:00:48 - [MESSAGE][PASSED] - Browser is opened with url: ''

2023-10-21 08:00:48 - [TEST_STEP][PASSED] - callTestCase(findTestCase("Login/Login"), [:], STOP_ON_FAILURE): Call Test Case 'Test Cases/Login/Login' successfully

2023-10-21 08:00:48 - [TEST_CASE][PASSED] - Test Cases/Login/Login: Test Cases/Login/Login

2023-10-21 08:00:48 - [TEST_STEP][PASSED] - openBrowser(""): Browser is opened with url: ''

2023-10-21 08:00:48 - [MESSAGE][WARNING] - A browser is already opened. Closing browser and opening a new one

2023-10-21 08:00:50 - [MESSAGE][INFO] - Starting 'Chrome' driver

2023-10-21 08:00:50 - [MESSAGE][INFO] - Action delay is set to 0 milliseconds

2023-10-21 08:00:53 - [MESSAGE][PASSED] - Browser is opened with url: ''

2023-10-21 08:00:53 - [TEST_STEP][PASSED] - navigateToUrl("https://career.vasdev.co.id/login"): Navigate to 'https://career.vasdev.co.id/login' successfully

2023-10-21 08:00:56 - [MESSAGE][PASSED] - Navigate to 'https://career.vasdev.co.id/login' successfully

2023-10-21 08:00:56 - [TEST_STEP][PASSED] - setText(findTestObject("Object Repository/Login/Page_EZ Recruit/input_EZ Recruit_email"), "qa.testvascomm@gmail.com"): Text 'qa.testvascomm@gmail.com' is set on object 'Object Repository/Login/Page_EZ Recruit/input_EZ Recruit_email'

2023-10-21 08:01:02 - [MESSAGE][PASSED] - Text 'qa.testvascomm@gmail.com' is set on object 'Object Repository/Login/Page_EZ Recruit/input_EZ Recruit_email'

2023-10-21 08:01:02 - [TEST_STEP][PASSED] - rightClick(findTestObject("Object Repository/Login/Page_EZ Recruit/input_EZ Recruit_email")): Object: 'Object Repository/Login/Page_EZ Recruit/input_EZ Recruit_email' is right clicked on

2023-10-21 08:01:03 - [MESSAGE][PASSED] - Object: 'Object Repository/Login/Page_EZ Recruit/input_EZ Recruit_email' is right clicked on

2023-10-21 08:01:03 - [TEST_STEP][PASSED] - click(findTestObject("Object Repository/Login/Page_EZ Recruit/h3_EZ Recruit")): Object: 'Object Repository/Login/Page_EZ Recruit/h3_EZ Recruit' is clicked on

2023-10-21 08:01:04 - [MESSAGE][PASSED] - Object: 'Object Repository/Login/Page_EZ Recruit/h3_EZ Recruit' is clicked on

2023-10-21 08:01:04 - [TEST_STEP][PASSED] - setEncryptedText(findTestObject("Object Repository/Login/Page_EZ Recruit/input_EZ Recruit_password"), "6XHz08Y29ykdB4CZ3GpyWg=="): Text ****** has been set on object 'Object Repository/Login/Page_EZ Recruit/input_EZ Recruit_password'

2023-10-21 08:01:05 - [MESSAGE][PASSED] - Text ****** has been set on object 'Object Repository/Login/Page_EZ Recruit/input_EZ Recruit_password'

2023-10-21 08:01:05 - [TEST_STEP][PASSED] - click(findTestObject("Object Repository/Login/Page_EZ Recruit/button_Login")): Object: 'Object Repository/Login/Page_EZ Recruit/button_Login' is clicked on

2023-10-21 08:01:10 - [MESSAGE][PASSED] - Object: 'Object Repository/Login/Page_EZ Recruit/button_Login' is clicked on

2023-10-21 08:01:10 - [MESSAGE][PASSED] - Call Test Case 'Test Cases/Login/Login' successfully

2023-10-21 08:01:10 - [TEST_STEP][PASSED] - click(findTestObject("Object Repository/Applicant/Page_Admin Page/span_Applicants")): Object: 'Object Repository/Applicant/Page_Admin Page/span_Applicants' is clicked on

2023-10-21 08:01:13 - [MESSAGE][PASSED] - Object: 'Object Repository/Applicant/Page_Admin Page/span_Applicants' is clicked on

2023-10-21 08:01:13 - [TEST_STEP][PASSED] - setText(findTestObject("Object Repository/Applicant/Page_Admin Page/input_Filter_search"), applicantName): Text 'suluh' is set on object 'Object Repository/Applicant/Page_Admin Page/input_Filter_search'

2023-10-21 08:01:15 - [MESSAGE][PASSED] - Text 'suluh' is set on object 'Object Repository/Applicant/Page_Admin Page/input_Filter_search'

2023-10-21 08:01:15 - [TEST_STEP][PASSED] - click(findTestObject("Object Repository/Applicant/Page_Admin Page/button_Search")): Object: 'Object Repository/Applicant/Page_Admin Page/button_Search' is clicked on

2023-10-21 08:01:16 - [MESSAGE][PASSED] - Object: 'Object Repository/Applicant/Page_Admin Page/button_Search' is clicked on

2023-10-21 08:01:16 - [TEST_STEP][PASSED] - if (applicantName == "kiki"): null

2023-10-21 08:01:16 - [TEST_STEP][PASSED] - else if (applicantName == "raka"): null

2023-10-21 08:01:16 - [TEST_STEP][PASSED] - else if (applicantName == "raka"): null

2023-10-21 08:01:16 - [TEST_STEP][FAILED] - else: null

2023-10-21 08:01:16 - [TEST_STEP][FAILED] - markFailed("Failed"): Failed

2023-10-21 08:01:16 - [MESSAGE][FAILED] - Failed

2023-10-21 08:01:16 - [TEST_STEP][PASSED] - takeFullPageScreenshot(): Taking screenshot successfully

2023-10-21 08:01:17 - [MESSAGE][INFO] - 0 hidden object(s)

2023-10-21 08:01:18 - [MESSAGE][PASSED] - Taking screenshot successfully
[[ATTACHMENT|C:\\Users\\winyeay\\Katalon Studio\\vascomm_automation_test\\Reports\\20231021_075855\\TS_Applicant\\20231021_075855\\1697850076175.png]]

2023-10-21 08:01:18 - [TEST_STEP][PASSED] - closeBrowser(): Browser is closed

2023-10-21 08:01:19 - [MESSAGE][PASSED] - Browser is closed]]></system-out>
         <system-err><![CDATA[2023-10-21 08:00:44 - [TEST_CASE][FAILED] - Test Cases/Applicant/TC_Applicant: Test Cases/Applicant/TC_Applicant FAILED.
Reason:
com.kms.katalon.core.exception.StepFailedException: Failed
	at com.kms.katalon.core.util.KeywordUtil.markFailed(KeywordUtil.java:19)
	at com.kms.katalon.core.util.KeywordUtil$markFailed$0.call(Unknown Source)
	at TC_Applicant.run(TC_Applicant:44)
	at com.kms.katalon.core.main.ScriptEngine.run(ScriptEngine.java:194)
	at com.kms.katalon.core.main.ScriptEngine.runScriptAsRawText(ScriptEngine.java:119)
	at com.kms.katalon.core.main.TestCaseExecutor.runScript(TestCaseExecutor.java:448)
	at com.kms.katalon.core.main.TestCaseExecutor.doExecute(TestCaseExecutor.java:439)
	at com.kms.katalon.core.main.TestCaseExecutor.processExecutionPhase(TestCaseExecutor.java:418)
	at com.kms.katalon.core.main.TestCaseExecutor.accessMainPhase(TestCaseExecutor.java:410)
	at com.kms.katalon.core.main.TestCaseExecutor.execute(TestCaseExecutor.java:285)
	at com.kms.katalon.core.common.CommonExecutor.accessTestCaseMainPhase(CommonExecutor.java:65)
	at com.kms.katalon.core.main.TestSuiteExecutor.accessTestSuiteMainPhase(TestSuiteExecutor.java:148)
	at com.kms.katalon.core.main.TestSuiteExecutor.execute(TestSuiteExecutor.java:106)
	at com.kms.katalon.core.main.TestCaseMain.startTestSuite(TestCaseMain.java:187)
	at com.kms.katalon.core.main.TestCaseMain$startTestSuite$0.call(Unknown Source)
	at TempTestSuite1697849935313.run(TempTestSuite1697849935313.groovy:36)]]></system-err>
      </testcase>
      <system-out><![CDATA[2023-10-21 07:59:18 - [TEST_SUITE][FAILED] - TS_Applicant: Test Cases/Applicant/TC_Applicant FAILED.
Reason:
com.kms.katalon.core.exception.StepFailedException: Failed
	at com.kms.katalon.core.util.KeywordUtil.markFailed(KeywordUtil.java:19)
	at com.kms.katalon.core.util.KeywordUtil$markFailed$0.call(Unknown Source)
	at TC_Applicant.run(TC_Applicant:44)
	at com.kms.katalon.core.main.ScriptEngine.run(ScriptEngine.java:194)
	at com.kms.katalon.core.main.ScriptEngine.runScriptAsRawText(ScriptEngine.java:119)
	at com.kms.katalon.core.main.TestCaseExecutor.runScript(TestCaseExecutor.java:448)
	at com.kms.katalon.core.main.TestCaseExecutor.doExecute(TestCaseExecutor.java:439)
	at com.kms.katalon.core.main.TestCaseExecutor.processExecutionPhase(TestCaseExecutor.java:418)
	at com.kms.katalon.core.main.TestCaseExecutor.accessMainPhase(TestCaseExecutor.java:410)
	at com.kms.katalon.core.main.TestCaseExecutor.execute(TestCaseExecutor.java:285)
	at com.kms.katalon.core.common.CommonExecutor.accessTestCaseMainPhase(CommonExecutor.java:65)
	at com.kms.katalon.core.main.TestSuiteExecutor.accessTestSuiteMainPhase(TestSuiteExecutor.java:148)
	at com.kms.katalon.core.main.TestSuiteExecutor.execute(TestSuiteExecutor.java:106)
	at com.kms.katalon.core.main.TestCaseMain.startTestSuite(TestCaseMain.java:187)
	at com.kms.katalon.core.main.TestCaseMain$startTestSuite$0.call(Unknown Source)
	at TempTestSuite1697849935313.run(TempTestSuite1697849935313.groovy:36)]]></system-out>
      <system-err><![CDATA[2023-10-21 07:59:18 - [TEST_SUITE][FAILED] - TS_Applicant: Test Cases/Applicant/TC_Applicant FAILED.
Reason:
com.kms.katalon.core.exception.StepFailedException: Failed
	at com.kms.katalon.core.util.KeywordUtil.markFailed(KeywordUtil.java:19)
	at com.kms.katalon.core.util.KeywordUtil$markFailed$0.call(Unknown Source)
	at TC_Applicant.run(TC_Applicant:44)
	at com.kms.katalon.core.main.ScriptEngine.run(ScriptEngine.java:194)
	at com.kms.katalon.core.main.ScriptEngine.runScriptAsRawText(ScriptEngine.java:119)
	at com.kms.katalon.core.main.TestCaseExecutor.runScript(TestCaseExecutor.java:448)
	at com.kms.katalon.core.main.TestCaseExecutor.doExecute(TestCaseExecutor.java:439)
	at com.kms.katalon.core.main.TestCaseExecutor.processExecutionPhase(TestCaseExecutor.java:418)
	at com.kms.katalon.core.main.TestCaseExecutor.accessMainPhase(TestCaseExecutor.java:410)
	at com.kms.katalon.core.main.TestCaseExecutor.execute(TestCaseExecutor.java:285)
	at com.kms.katalon.core.common.CommonExecutor.accessTestCaseMainPhase(CommonExecutor.java:65)
	at com.kms.katalon.core.main.TestSuiteExecutor.accessTestSuiteMainPhase(TestSuiteExecutor.java:148)
	at com.kms.katalon.core.main.TestSuiteExecutor.execute(TestSuiteExecutor.java:106)
	at com.kms.katalon.core.main.TestCaseMain.startTestSuite(TestCaseMain.java:187)
	at com.kms.katalon.core.main.TestCaseMain$startTestSuite$0.call(Unknown Source)
	at TempTestSuite1697849935313.run(TempTestSuite1697849935313.groovy:36)]]></system-err>
   </testsuite>
</testsuites>
